<?xml version="1.0" encoding="UTF-8"?>
<!-- Generated by org.testng.reporters.JUnitReportReporter -->
<testsuite name="com.tirapa.selenium.NewTest" tests="2" time="0.015" ignored="0" failures="0" timestamp="12 Feb 2017 06:47:05 GMT" skipped="0" hostname="bandaru-PC" errors="0">
  <testcase name="testCaseTwo" time="0.002" classname="com.tirapa.selenium.NewTest"/>
  <testcase name="testCaseOne" time="0.013" classname="com.tirapa.selenium.NewTest"/>
</testsuite> <!-- com.tirapa.selenium.NewTest -->
